dir /bin   0755 0 0
dir /dev   0755 0 0
dir /etc   0755 0 0
dir /lib64 0755 0 0
dir /proc  0755 0 0
dir /root  0700 0 0
dir /sbin  0755 0 0
dir /sys   0755 0 0
dir /usr   0755 0 0
dir /var   0755 0 0

nod /dev/null    0666 0 0 c 1 3
nod /dev/console 0600 0 0 c 5 1
nod /dev/tty     0666 0 0 c 5 0

slink /lib /lib64 0777 0 0

# busybox
file /bin/busybox        /bin/busybox        0755 0 0
file /lib/libc.so        /lib/libc.so.6      0755 0 0
file /lib/libresolv.so.2 /lib/libresolv.so.2 0755 0 0

file /lib64/ld-linux-x86-64.so.2 /lib64/ld-linux-x86-64.so.2 0755 0 0
file /lib64/libc.so.6            /lib64/libc.so.6            0755 0 0
file /lib64/libresolv.so.2       /lib64/libresolv.so.2       0755 0 0

file /init init.sh 0755 0 0

